In file included from [01m[K/home/torben/Dev/orbslam_ros/src/orbslam3_ros2/src/stereo-inertial/stereo-inertial.cpp:7[m[K:
[01m[K/home/torben/Dev/orbslam_ros/src/orbslam3_ros2/src/stereo-inertial/stereo-inertial-node.hpp:10:10:[m[K [01;31m[Kfatal error: [m[Kgeometry_msgs/sophus_ros_conversions.hpp: No such file or directory
   10 | #include [01;31m[K"geometry_msgs/sophus_ros_conversions.hpp"[m[K
      |          [01;31m[K^~~~~~~~~~~~~~~~~~~~~~~~~~~~~~~~~~~~~~~~~~[m[K
compilation terminated.
In file included from [01m[K/home/torben/Dev/orbslam_ros/src/orbslam3_ros2/src/stereo-inertial/stereo-inertial-node.cpp:1[m[K:
[01m[K/home/torben/Dev/orbslam_ros/src/orbslam3_ros2/src/stereo-inertial/stereo-inertial-node.hpp:10:10:[m[K [01;31m[Kfatal error: [m[Kgeometry_msgs/sophus_ros_conversions.hpp: No such file or directory
   10 | #include [01;31m[K"geometry_msgs/sophus_ros_conversions.hpp"[m[K
      |          [01;31m[K^~~~~~~~~~~~~~~~~~~~~~~~~~~~~~~~~~~~~~~~~~[m[K
compilation terminated.
gmake[2]: *** [CMakeFiles/stereo-inertial.dir/build.make:76: CMakeFiles/stereo-inertial.dir/src/stereo-inertial/stereo-inertial.cpp.o] Error 1
gmake[2]: *** Waiting for unfinished jobs....
gmake[2]: *** [CMakeFiles/stereo-inertial.dir/build.make:90: CMakeFiles/stereo-inertial.dir/src/stereo-inertial/stereo-inertial-node.cpp.o] Error 1
gmake[1]: *** [CMakeFiles/Makefile2:221: CMakeFiles/stereo-inertial.dir/all] Error 2
gmake: *** [Makefile:146: all] Error 2
